{"/Users/andreiamaral/Desktop/projetos/sempreBela/src/infra/contexts/themeContext/index.tsx": {"path":"/Users/andreiamaral/Desktop/projetos/sempreBela/src/infra/contexts/themeContext/index.tsx","statementMap":{"0":{"start":{"line":3,"column":24},"end":{"line":3,"column":41}},"1":{"start":{"line":5,"column":32},"end":{"line":9,"column":1}},"2":{"start":{"line":6,"column":2},"end":{"line":8,"column":4}}},"fnMap":{"0":{"name":"(anonymous_0)","decl":{"start":{"line":5,"column":32},"end":{"line":5,"column":33}},"loc":{"start":{"line":5,"column":69},"end":{"line":9,"column":1}},"line":5}},"branchMap":{},"s":{"0":1,"1":1,"2":1},"f":{"0":1},"b":{},"_coverageSchema":"1a1c01bbd47fc00a2c39e90264f33305004495a9","hash":"5ad623c4f069c77ed9d11bb004fd8e7396b6d0d0"}
,"/Users/andreiamaral/Desktop/projetos/sempreBela/src/infra/utils/test-utils.tsx": {"path":"/Users/andreiamaral/Desktop/projetos/sempreBela/src/infra/utils/test-utils.tsx","statementMap":{"0":{"start":{"line":10,"column":24},"end":{"line":16,"column":1}},"1":{"start":{"line":11,"column":2},"end":{"line":15,"column":4}},"2":{"start":{"line":22,"column":21},"end":{"line":23,"column":54}},"3":{"start":{"line":23,"column":2},"end":{"line":23,"column":54}}},"fnMap":{"0":{"name":"(anonymous_0)","decl":{"start":{"line":10,"column":24},"end":{"line":10,"column":25}},"loc":{"start":{"line":10,"column":61},"end":{"line":16,"column":1}},"line":10},"1":{"name":"(anonymous_1)","decl":{"start":{"line":22,"column":21},"end":{"line":22,"column":22}},"loc":{"start":{"line":23,"column":2},"end":{"line":23,"column":54}},"line":23}},"branchMap":{},"s":{"0":1,"1":1,"2":1,"3":1},"f":{"0":1,"1":1},"b":{},"_coverageSchema":"1a1c01bbd47fc00a2c39e90264f33305004495a9","hash":"8b6d04a96d23d4e41e462d18073209cc9cd643f3"}
,"/Users/andreiamaral/Desktop/projetos/sempreBela/src/ui/components/Text/index.tsx": {"path":"/Users/andreiamaral/Desktop/projetos/sempreBela/src/ui/components/Text/index.tsx","statementMap":{"0":{"start":{"line":13,"column":20},"end":{"line":18,"column":1}},"1":{"start":{"line":19,"column":13},"end":{"line":32,"column":1}},"2":{"start":{"line":20,"column":2},"end":{"line":31,"column":4}}},"fnMap":{"0":{"name":"(anonymous_0)","decl":{"start":{"line":19,"column":13},"end":{"line":19,"column":14}},"loc":{"start":{"line":19,"column":51},"end":{"line":32,"column":1}},"line":19}},"branchMap":{},"s":{"0":1,"1":1,"2":0},"f":{"0":0},"b":{},"_coverageSchema":"1a1c01bbd47fc00a2c39e90264f33305004495a9","hash":"5345865d134c573aa2f7cf5ca6d4a65549f6acd0"}
,"/Users/andreiamaral/Desktop/projetos/sempreBela/src/ui/screens/OnBoarding/index.tsx": {"path":"/Users/andreiamaral/Desktop/projetos/sempreBela/src/ui/screens/OnBoarding/index.tsx","statementMap":{"0":{"start":{"line":13,"column":19},"end":{"line":78,"column":1}},"1":{"start":{"line":14,"column":16},"end":{"line":14,"column":26}},"2":{"start":{"line":15,"column":2},"end":{"line":77,"column":4}}},"fnMap":{"0":{"name":"(anonymous_0)","decl":{"start":{"line":13,"column":19},"end":{"line":13,"column":20}},"loc":{"start":{"line":13,"column":25},"end":{"line":78,"column":1}},"line":13}},"branchMap":{},"s":{"0":1,"1":1,"2":1},"f":{"0":1},"b":{},"_coverageSchema":"1a1c01bbd47fc00a2c39e90264f33305004495a9","hash":"8e950c868099e4dccd98ec12083d88ead3b07c2e"}
,"/Users/andreiamaral/Desktop/projetos/sempreBela/src/ui/screens/OnBoarding/styles.ts": {"path":"/Users/andreiamaral/Desktop/projetos/sempreBela/src/ui/screens/OnBoarding/styles.ts","statementMap":{"0":{"start":{"line":6,"column":25},"end":{"line":11,"column":1}},"1":{"start":{"line":13,"column":27},"end":{"line":18,"column":1}},"2":{"start":{"line":20,"column":22},"end":{"line":27,"column":1}}},"fnMap":{},"branchMap":{"0":{"loc":{"start":{"line":10,"column":17},"end":{"line":10,"column":60}},"type":"cond-expr","locations":[{"start":{"line":10,"column":45},"end":{"line":10,"column":56}},{"start":{"line":10,"column":59},"end":{"line":10,"column":60}}],"line":10},"1":{"loc":{"start":{"line":15,"column":16},"end":{"line":15,"column":65}},"type":"cond-expr","locations":[{"start":{"line":15,"column":40},"end":{"line":15,"column":51}},{"start":{"line":15,"column":54},"end":{"line":15,"column":65}}],"line":15}},"s":{"0":1,"1":1,"2":1},"f":{},"b":{"0":[0,1],"1":[1,0]},"_coverageSchema":"1a1c01bbd47fc00a2c39e90264f33305004495a9","hash":"949b3c3a609ea0da6426ab4782eadd3bb70895b9"}
}
