TN:
SF:src/infra/contexts/themeContext/index.tsx
FN:5,(anonymous_0)
FNF:1
FNH:1
FNDA:1,(anonymous_0)
DA:3,1
DA:5,1
DA:6,1
LF:3
LH:3
BRF:0
BRH:0
end_of_record
TN:
SF:src/infra/utils/test-utils.tsx
FN:10,(anonymous_0)
FN:22,(anonymous_1)
FNF:2
FNH:2
FNDA:1,(anonymous_0)
FNDA:1,(anonymous_1)
DA:10,1
DA:11,1
DA:22,1
DA:23,1
LF:4
LH:4
BRF:0
BRH:0
end_of_record
TN:
SF:src/ui/components/Text/index.tsx
FN:19,(anonymous_0)
FNF:1
FNH:0
FNDA:0,(anonymous_0)
DA:13,1
DA:19,1
DA:20,0
LF:3
LH:2
BRF:0
BRH:0
end_of_record
TN:
SF:src/ui/screens/OnBoarding/index.tsx
FN:13,(anonymous_0)
FNF:1
FNH:1
FNDA:1,(anonymous_0)
DA:13,1
DA:14,1
DA:15,1
LF:3
LH:3
BRF:0
BRH:0
end_of_record
TN:
SF:src/ui/screens/OnBoarding/styles.ts
FNF:0
FNH:0
DA:6,1
DA:13,1
DA:20,1
LF:3
LH:3
BRDA:10,0,0,0
BRDA:10,0,1,1
BRDA:15,1,0,1
BRDA:15,1,1,0
BRF:4
BRH:2
end_of_record
